<?xml version="1.0" encoding="UTF-8"?>
<!-- Generated by org.testng.reporters.JUnitReportReporter -->
<testsuite hostname="DESKTOP-DTOV99D" failures="0" tests="3" name="LoginTestPage.LohinTestPageGitHub" time="10.492" errors="0" timestamp="2021-09-23T12:30:33 IST" skipped="0">
  <testcase classname="LoginTestPage.LohinTestPageGitHub" name="create_account" time="5.967"/>
  <system-out/>
  <testcase classname="LoginTestPage.LohinTestPageGitHub" name="reset_password" time="3.009"/>
  <system-out/>
  <testcase classname="LoginTestPage.LohinTestPageGitHub" name="login" time="1.516"/>
  <system-out/>
</testsuite> <!-- LoginTestPage.LohinTestPageGitHub -->
