<?xml version="1.0" encoding="UTF-8"?>
<!-- Generated by org.testng.reporters.JUnitReportReporter -->
<testsuite hostname="DESKTOP-DTOV99D" failures="0" tests="3" name="LoginTestPage.LoginTestPageGitHub" time="16.882" errors="0" timestamp="2021-09-22T14:08:22 IST" skipped="0">
  <testcase classname="LoginTestPage.LoginTestPageGitHub" name="create_account" time="9.297"/>
  <system-out/>
  <testcase classname="LoginTestPage.LoginTestPageGitHub" name="reset_password" time="5.681"/>
  <system-out/>
  <testcase classname="LoginTestPage.LoginTestPageGitHub" name="login" time="1.904"/>
  <system-out/>
</testsuite> <!-- LoginTestPage.LoginTestPageGitHub -->
