<?xml version="1.0" encoding="UTF-8"?>
<!-- Generated by org.testng.reporters.JUnitReportReporter -->
<testsuite hostname="DESKTOP-DTOV99D" failures="0" tests="3" name="LoginTestPage.LoginTestPageGitHub" time="10.965" errors="0" timestamp="2021-09-26T11:11:27 IST" skipped="0">
  <testcase classname="LoginTestPage.LoginTestPageGitHub" name="create_account" time="5.413"/>
  <system-out/>
  <testcase classname="LoginTestPage.LoginTestPageGitHub" name="reset_password" time="3.143"/>
  <system-out/>
  <testcase classname="LoginTestPage.LoginTestPageGitHub" name="login" time="2.409"/>
  <system-out/>
</testsuite> <!-- LoginTestPage.LoginTestPageGitHub -->
