<?xml version="1.0" encoding="UTF-8"?>
<!-- Generated by org.testng.reporters.JUnitReportReporter -->
<testsuite hostname="DESKTOP-DTOV99D" failures="0" tests="4" name="testng_demo.Demo" time="8.849" errors="0" timestamp="2021-09-14T18:17:43 IST" skipped="0">
  <testcase classname="testng_demo.Demo" name="openBrowser" time="4.435"/>
  <system-out/>
  <testcase classname="testng_demo.Demo" name="goToFacebook" time="3.499"/>
  <system-out/>
  <testcase classname="testng_demo.Demo" name="credentials" time="0.738"/>
  <system-out/>
  <testcase classname="testng_demo.Demo" name="button" time="0.177"/>
  <system-out/>
</testsuite> <!-- testng_demo.Demo -->
