<?xml version="1.0" encoding="UTF-8"?>
<!-- Generated by org.testng.reporters.JUnitReportReporter -->
<testsuite hostname="DESKTOP-DTOV99D" failures="0" tests="3" name="testngg_all.Sample_test_annotation" time="0.065" errors="0" timestamp="2021-09-15T16:17:33 IST" skipped="0">
  <testcase classname="testngg_all.Sample_test_annotation" name="a" time="0.039"/>
  <system-out/>
  <testcase classname="testngg_all.Sample_test_annotation" name="b" time="0.009"/>
  <system-out/>
  <testcase classname="testngg_all.Sample_test_annotation" name="c" time="0.017"/>
  <system-out/>
</testsuite> <!-- testngg_all.Sample_test_annotation -->
