<?xml version="1.0" encoding="UTF-8"?>
<!-- Generated by org.testng.reporters.JUnitReportReporter -->
<testsuite hostname="DESKTOP-DTOV99D" failures="0" tests="6" name="testngg_all.Invocationcount" time="0.096" errors="0" timestamp="2021-09-15T16:29:18 IST" skipped="0">
  <testcase classname="testngg_all.Invocationcount" name="c" time="0.012"/>
  <system-out/>
  <testcase classname="testngg_all.Invocationcount" name="c" time="0.018"/>
  <system-out/>
  <testcase classname="testngg_all.Invocationcount" name="c" time="0.018"/>
  <system-out/>
  <testcase classname="testngg_all.Invocationcount" name="c" time="0.015"/>
  <system-out/>
  <testcase classname="testngg_all.Invocationcount" name="b" time="0.010"/>
  <system-out/>
  <testcase classname="testngg_all.Invocationcount" name="a" time="0.023"/>
  <system-out/>
</testsuite> <!-- testngg_all.Invocationcount -->
