<?xml version="1.0" encoding="UTF-8"?>
<!-- Generated by org.testng.reporters.JUnitReportReporter -->
<testsuite hostname="DESKTOP-DTOV99D" failures="0" tests="3" name="testngg_all.Priority" time="0.060" errors="0" timestamp="2021-09-15T16:25:46 IST" skipped="0">
  <testcase classname="testngg_all.Priority" name="c" time="0.039"/>
  <system-out/>
  <testcase classname="testngg_all.Priority" name="b" time="0.008"/>
  <system-out/>
  <testcase classname="testngg_all.Priority" name="a" time="0.013"/>
  <system-out/>
</testsuite> <!-- testngg_all.Priority -->
