<?xml version="1.0" encoding="UTF-8"?>
<!-- Generated by org.testng.reporters.JUnitReportReporter -->
<testsuite hostname="DESKTOP-DTOV99D" failures="0" tests="5" name="testngg_all.Groups" time="0.082" errors="0" timestamp="2021-09-15T16:42:30 IST" skipped="0">
  <testcase classname="testngg_all.Groups" name="c" time="0.017"/>
  <system-out/>
  <testcase classname="testngg_all.Groups" name="a" time="0.028"/>
  <system-out/>
  <testcase classname="testngg_all.Groups" name="f" time="0.017"/>
  <system-out/>
  <testcase classname="testngg_all.Groups" name="b" time="0.005"/>
  <system-out/>
  <testcase classname="testngg_all.Groups" name="d" time="0.015"/>
  <system-out/>
</testsuite> <!-- testngg_all.Groups -->
