<?xml version="1.0" encoding="UTF-8"?>
<!-- Generated by org.testng.reporters.JUnitReportReporter -->
<testsuite hostname="DESKTOP-DTOV99D" failures="0" tests="4" name="testngg_all.Fb" time="13.484" errors="0" timestamp="2021-09-15T16:20:25 IST" skipped="0">
  <testcase classname="testngg_all.Fb" name="openBrowser" time="7.908"/>
  <system-out/>
  <testcase classname="testngg_all.Fb" name="goToFacebook" time="4.419"/>
  <system-out/>
  <testcase classname="testngg_all.Fb" name="credentials" time="0.957"/>
  <system-out/>
  <testcase classname="testngg_all.Fb" name="button" time="0.200"/>
  <system-out/>
</testsuite> <!-- testngg_all.Fb -->
