<?xml version="1.0" encoding="UTF-8"?>
<!-- Generated by org.testng.reporters.JUnitReportReporter -->
<testsuite hostname="DESKTOP-DTOV99D" failures="0" tests="3" name="testngg_all.Enabled" time="0.064" errors="0" timestamp="2021-09-15T16:27:46 IST" skipped="0">
  <testcase classname="testngg_all.Enabled" name="a" time="0.038"/>
  <system-out/>
  <testcase classname="testngg_all.Enabled" name="b" time="0.009"/>
  <system-out/>
  <testcase classname="testngg_all.Enabled" name="c" time="0.017"/>
  <system-out/>
</testsuite> <!-- testngg_all.Enabled -->
